2025-09-05 14:23:02 - ai_video_generator.api - ERROR - API Response: /video-status/792826009497792576 - 401 - 0.61s - Error: Code 401: 认证失败: API Key或Token无效，请检查您的设置。
2025-09-05 14:23:02 - ai_video_generator.error - ERROR - Error in video status query: Code 401: 认证失败: API Key或Token无效，请检查您的设置。
Traceback (most recent call last):
  File "D:\Eyre\Desktop\items\000000-Juxiang\250904-Nano+Keling\backend\app\api.py", line 169, in get_video_status_endpoint
    result = query_video_task(
             ^^^^^^^^^^^^^^^^^
  File "D:\Eyre\Desktop\items\000000-Juxiang\250904-Nano+Keling\backend\app\services.py", line 476, in query_video_task
    raise handle_api_error(response)
app.services.AIServiceError: Code 401: 认证失败: API Key或Token无效，请检查您的设置。
2025-09-05 14:23:02 - ai_video_generator.api - ERROR - API Response: /video-status/792826009497792576 - 401 - 0.56s - Error: Code 401: 认证失败: API Key或Token无效，请检查您的设置。
2025-09-05 14:23:02 - ai_video_generator.error - ERROR - Error in video status query: Code 401: 认证失败: API Key或Token无效，请检查您的设置。
Traceback (most recent call last):
  File "D:\Eyre\Desktop\items\000000-Juxiang\250904-Nano+Keling\backend\app\api.py", line 169, in get_video_status_endpoint
    result = query_video_task(
             ^^^^^^^^^^^^^^^^^
  File "D:\Eyre\Desktop\items\000000-Juxiang\250904-Nano+Keling\backend\app\services.py", line 476, in query_video_task
    raise handle_api_error(response)
app.services.AIServiceError: Code 401: 认证失败: API Key或Token无效，请检查您的设置。
2025-09-05 14:23:17 - ai_video_generator.api - ERROR - API Response: /video-status/792826009497792576 - 401 - 0.57s - Error: Code 401: 认证失败: API Key或Token无效，请检查您的设置。
2025-09-05 14:23:17 - ai_video_generator.error - ERROR - Error in video status query: Code 401: 认证失败: API Key或Token无效，请检查您的设置。
Traceback (most recent call last):
  File "D:\Eyre\Desktop\items\000000-Juxiang\250904-Nano+Keling\backend\app\api.py", line 169, in get_video_status_endpoint
    result = query_video_task(
             ^^^^^^^^^^^^^^^^^
  File "D:\Eyre\Desktop\items\000000-Juxiang\250904-Nano+Keling\backend\app\services.py", line 476, in query_video_task
    raise handle_api_error(response)
app.services.AIServiceError: Code 401: 认证失败: API Key或Token无效，请检查您的设置。
2025-09-05 14:32:43 - ai_video_generator.api - ERROR - API Response: /video-status/792826009497792576 - 401 - 0.58s - Error: Code 401: 认证失败: API Key或Token无效，请检查您的设置。
2025-09-05 14:32:43 - ai_video_generator.error - ERROR - Error in video status query: Code 401: 认证失败: API Key或Token无效，请检查您的设置。
Traceback (most recent call last):
  File "D:\Eyre\Desktop\items\000000-Juxiang\250904-Nano+Keling\backend\app\api.py", line 169, in get_video_status_endpoint
    result = query_video_task(
             ^^^^^^^^^^^^^^^^^
  File "D:\Eyre\Desktop\items\000000-Juxiang\250904-Nano+Keling\backend\app\services.py", line 476, in query_video_task
    raise handle_api_error(response)
app.services.AIServiceError: Code 401: 认证失败: API Key或Token无效，请检查您的设置。
2025-09-05 17:01:31 - ai_video_generator.api - ERROR - API Response: /video-status/792867572114272265 - 401 - 0.79s - Error: Code 401: 认证失败: API Key或Token无效，请检查您的设置。
2025-09-05 17:01:31 - ai_video_generator.error - ERROR - Error in video status query: Code 401: 认证失败: API Key或Token无效，请检查您的设置。
Traceback (most recent call last):
  File "D:\Eyre\Desktop\items\000000-Juxiang\250904-Nano+Keling\backend\app\api.py", line 169, in get_video_status_endpoint
    result = query_video_task(
             ^^^^^^^^^^^^^^^^^
  File "D:\Eyre\Desktop\items\000000-Juxiang\250904-Nano+Keling\backend\app\services.py", line 476, in query_video_task
    raise handle_api_error(response)
app.services.AIServiceError: Code 401: 认证失败: API Key或Token无效，请检查您的设置。
2025-09-05 17:06:26 - ai_video_generator.api - ERROR - API Response: /video-status/792867572114272265 - 401 - 0.54s - Error: Code 401: 认证失败: API Key或Token无效，请检查您的设置。
2025-09-05 17:06:26 - ai_video_generator.error - ERROR - Error in video status query: Code 401: 认证失败: API Key或Token无效，请检查您的设置。
Traceback (most recent call last):
  File "D:\Eyre\Desktop\items\000000-Juxiang\250904-Nano+Keling\backend\app\api.py", line 169, in get_video_status_endpoint
    result = query_video_task(
             ^^^^^^^^^^^^^^^^^
  File "D:\Eyre\Desktop\items\000000-Juxiang\250904-Nano+Keling\backend\app\services.py", line 476, in query_video_task
    raise handle_api_error(response)
app.services.AIServiceError: Code 401: 认证失败: API Key或Token无效，请检查您的设置。
2025-09-05 17:06:54 - ai_video_generator.api - ERROR - API Response: /video-status/792867572114272265 - 401 - 0.57s - Error: Code 401: 认证失败: API Key或Token无效，请检查您的设置。
2025-09-05 17:06:54 - ai_video_generator.error - ERROR - Error in video status query: Code 401: 认证失败: API Key或Token无效，请检查您的设置。
Traceback (most recent call last):
  File "D:\Eyre\Desktop\items\000000-Juxiang\250904-Nano+Keling\backend\app\api.py", line 169, in get_video_status_endpoint
    result = query_video_task(
             ^^^^^^^^^^^^^^^^^
  File "D:\Eyre\Desktop\items\000000-Juxiang\250904-Nano+Keling\backend\app\services.py", line 476, in query_video_task
    raise handle_api_error(response)
app.services.AIServiceError: Code 401: 认证失败: API Key或Token无效，请检查您的设置。
2025-09-05 17:07:37 - ai_video_generator.api - ERROR - API Response: /video-status/792869102943117320 - 401 - 0.67s - Error: Code 401: 认证失败: API Key或Token无效，请检查您的设置。
2025-09-05 17:07:37 - ai_video_generator.error - ERROR - Error in video status query: Code 401: 认证失败: API Key或Token无效，请检查您的设置。
Traceback (most recent call last):
  File "D:\Eyre\Desktop\items\000000-Juxiang\250904-Nano+Keling\backend\app\api.py", line 169, in get_video_status_endpoint
    result = query_video_task(
             ^^^^^^^^^^^^^^^^^
  File "D:\Eyre\Desktop\items\000000-Juxiang\250904-Nano+Keling\backend\app\services.py", line 476, in query_video_task
    raise handle_api_error(response)
app.services.AIServiceError: Code 401: 认证失败: API Key或Token无效，请检查您的设置。
2025-09-05 17:07:38 - ai_video_generator.api - ERROR - API Response: /video-status/792869102943117320 - 401 - 0.67s - Error: Code 401: 认证失败: API Key或Token无效，请检查您的设置。
2025-09-05 17:07:38 - ai_video_generator.error - ERROR - Error in video status query: Code 401: 认证失败: API Key或Token无效，请检查您的设置。
Traceback (most recent call last):
  File "D:\Eyre\Desktop\items\000000-Juxiang\250904-Nano+Keling\backend\app\api.py", line 169, in get_video_status_endpoint
    result = query_video_task(
             ^^^^^^^^^^^^^^^^^
  File "D:\Eyre\Desktop\items\000000-Juxiang\250904-Nano+Keling\backend\app\services.py", line 476, in query_video_task
    raise handle_api_error(response)
app.services.AIServiceError: Code 401: 认证失败: API Key或Token无效，请检查您的设置。
2025-09-05 17:15:04 - ai_video_generator.api - ERROR - API Response: /video-status/792870006798848018 - 401 - 0.52s - Error: Code 401: 认证失败: API Key或Token无效，请检查您的设置。
2025-09-05 17:15:04 - ai_video_generator.error - ERROR - Error in video status query: Code 401: 认证失败: API Key或Token无效，请检查您的设置。
Traceback (most recent call last):
  File "D:\Eyre\Desktop\items\000000-Juxiang\250904-Nano+Keling\backend\app\api.py", line 169, in get_video_status_endpoint
    result = query_video_task(
             ^^^^^^^^^^^^^^^^^
  File "D:\Eyre\Desktop\items\000000-Juxiang\250904-Nano+Keling\backend\app\services.py", line 484, in query_video_task
    raise handle_api_error(response)
app.services.AIServiceError: Code 401: 认证失败: API Key或Token无效，请检查您的设置。
2025-09-05 17:15:14 - ai_video_generator.api - ERROR - API Response: /video-status/792870006798848018 - 401 - 0.54s - Error: Code 401: 认证失败: API Key或Token无效，请检查您的设置。
2025-09-05 17:15:14 - ai_video_generator.error - ERROR - Error in video status query: Code 401: 认证失败: API Key或Token无效，请检查您的设置。
Traceback (most recent call last):
  File "D:\Eyre\Desktop\items\000000-Juxiang\250904-Nano+Keling\backend\app\api.py", line 169, in get_video_status_endpoint
    result = query_video_task(
             ^^^^^^^^^^^^^^^^^
  File "D:\Eyre\Desktop\items\000000-Juxiang\250904-Nano+Keling\backend\app\services.py", line 484, in query_video_task
    raise handle_api_error(response)
app.services.AIServiceError: Code 401: 认证失败: API Key或Token无效，请检查您的设置。
2025-09-05 17:15:50 - ai_video_generator.api - ERROR - API Response: /video-status/792870006798848018 - 401 - 0.56s - Error: Code 401: 认证失败: API Key或Token无效，请检查您的设置。
2025-09-05 17:15:50 - ai_video_generator.error - ERROR - Error in video status query: Code 401: 认证失败: API Key或Token无效，请检查您的设置。
Traceback (most recent call last):
  File "D:\Eyre\Desktop\items\000000-Juxiang\250904-Nano+Keling\backend\app\api.py", line 169, in get_video_status_endpoint
    result = query_video_task(
             ^^^^^^^^^^^^^^^^^
  File "D:\Eyre\Desktop\items\000000-Juxiang\250904-Nano+Keling\backend\app\services.py", line 484, in query_video_task
    raise handle_api_error(response)
app.services.AIServiceError: Code 401: 认证失败: API Key或Token无效，请检查您的设置。
2025-09-05 17:15:55 - ai_video_generator.api - ERROR - API Response: /video-status/792870006798848018 - 401 - 0.76s - Error: Code 401: 认证失败: API Key或Token无效，请检查您的设置。
2025-09-05 17:15:55 - ai_video_generator.error - ERROR - Error in video status query: Code 401: 认证失败: API Key或Token无效，请检查您的设置。
Traceback (most recent call last):
  File "D:\Eyre\Desktop\items\000000-Juxiang\250904-Nano+Keling\backend\app\api.py", line 169, in get_video_status_endpoint
    result = query_video_task(
             ^^^^^^^^^^^^^^^^^
  File "D:\Eyre\Desktop\items\000000-Juxiang\250904-Nano+Keling\backend\app\services.py", line 484, in query_video_task
    raise handle_api_error(response)
app.services.AIServiceError: Code 401: 认证失败: API Key或Token无效，请检查您的设置。
2025-09-05 17:19:19 - ai_video_generator.api - ERROR - API Response: /video-status/792872054319501352 - 401 - 0.66s - Error: Code 401: 认证失败: API Key或Token无效，请检查您的设置。
2025-09-05 17:19:19 - ai_video_generator.error - ERROR - Error in video status query: Code 401: 认证失败: API Key或Token无效，请检查您的设置。
Traceback (most recent call last):
  File "D:\Eyre\Desktop\items\000000-Juxiang\250904-Nano+Keling\backend\app\api.py", line 169, in get_video_status_endpoint
    result = query_video_task(
             ^^^^^^^^^^^^^^^^^
  File "D:\Eyre\Desktop\items\000000-Juxiang\250904-Nano+Keling\backend\app\services.py", line 484, in query_video_task
    raise handle_api_error(response)
app.services.AIServiceError: Code 401: 认证失败: API Key或Token无效，请检查您的设置。
2025-09-05 17:28:22 - ai_video_generator.api - ERROR - API Response: /video-status/792872054319501352 - 401 - 0.53s - Error: Code 401: 认证失败: API Key或Token无效，请检查您的设置。
2025-09-05 17:28:22 - ai_video_generator.error - ERROR - Error in video status query: Code 401: 认证失败: API Key或Token无效，请检查您的设置。
Traceback (most recent call last):
  File "D:\Eyre\Desktop\items\000000-Juxiang\250904-Nano+Keling\backend\app\api.py", line 169, in get_video_status_endpoint
    result = query_video_task(
             ^^^^^^^^^^^^^^^^^
  File "D:\Eyre\Desktop\items\000000-Juxiang\250904-Nano+Keling\backend\app\services.py", line 494, in query_video_task
    raise handle_api_error(response)
app.services.AIServiceError: Code 401: 认证失败: API Key或Token无效，请检查您的设置。
2025-09-05 17:28:30 - ai_video_generator.api - ERROR - API Response: /video-status/792872054319501352 - 401 - 0.52s - Error: Code 401: 认证失败: API Key或Token无效，请检查您的设置。
2025-09-05 17:28:30 - ai_video_generator.error - ERROR - Error in video status query: Code 401: 认证失败: API Key或Token无效，请检查您的设置。
Traceback (most recent call last):
  File "D:\Eyre\Desktop\items\000000-Juxiang\250904-Nano+Keling\backend\app\api.py", line 169, in get_video_status_endpoint
    result = query_video_task(
             ^^^^^^^^^^^^^^^^^
  File "D:\Eyre\Desktop\items\000000-Juxiang\250904-Nano+Keling\backend\app\services.py", line 494, in query_video_task
    raise handle_api_error(response)
app.services.AIServiceError: Code 401: 认证失败: API Key或Token无效，请检查您的设置。
2025-09-05 17:28:33 - ai_video_generator.api - ERROR - API Response: /video-status/792872054319501352 - 401 - 0.54s - Error: Code 401: 认证失败: API Key或Token无效，请检查您的设置。
2025-09-05 17:28:33 - ai_video_generator.error - ERROR - Error in video status query: Code 401: 认证失败: API Key或Token无效，请检查您的设置。
Traceback (most recent call last):
  File "D:\Eyre\Desktop\items\000000-Juxiang\250904-Nano+Keling\backend\app\api.py", line 169, in get_video_status_endpoint
    result = query_video_task(
             ^^^^^^^^^^^^^^^^^
  File "D:\Eyre\Desktop\items\000000-Juxiang\250904-Nano+Keling\backend\app\services.py", line 494, in query_video_task
    raise handle_api_error(response)
app.services.AIServiceError: Code 401: 认证失败: API Key或Token无效，请检查您的设置。
2025-09-05 17:30:06 - ai_video_generator.api - ERROR - API Response: /video-status/792872054319501352 - 401 - 0.53s - Error: Code 401: 认证失败: API Key或Token无效，请检查您的设置。
2025-09-05 17:30:06 - ai_video_generator.error - ERROR - Error in video status query: Code 401: 认证失败: API Key或Token无效，请检查您的设置。
Traceback (most recent call last):
  File "D:\Eyre\Desktop\items\000000-Juxiang\250904-Nano+Keling\backend\app\api.py", line 169, in get_video_status_endpoint
    result = query_video_task(
             ^^^^^^^^^^^^^^^^^
  File "D:\Eyre\Desktop\items\000000-Juxiang\250904-Nano+Keling\backend\app\services.py", line 494, in query_video_task
    raise handle_api_error(response)
app.services.AIServiceError: Code 401: 认证失败: API Key或Token无效，请检查您的设置。
2025-09-05 17:37:22 - ai_video_generator.api - ERROR - API Response: /video-status/792872054319501352 - 401 - 0.50s - Error: Code 401: 认证失败: Authorization is not active。请检查API密钥配置
2025-09-05 17:37:22 - ai_video_generator.error - ERROR - Error in video status query: Code 401: 认证失败: Authorization is not active。请检查API密钥配置
Traceback (most recent call last):
  File "D:\Eyre\Desktop\items\000000-Juxiang\250904-Nano+Keling\backend\app\api.py", line 169, in get_video_status_endpoint
    result = query_video_task(
             ^^^^^^^^^^^^^^^^^
  File "D:\Eyre\Desktop\items\000000-Juxiang\250904-Nano+Keling\backend\app\services.py", line 579, in query_video_task
    raise handle_api_error(response)
app.services.AIServiceError: Code 401: 认证失败: Authorization is not active。请检查API密钥配置
